Using pre-set license
Built from '2021.3/staging' branch; Version is '2021.3.11f1 (0a5ca18544bf) revision 679073'; Using compiler version '192829333'; Build Type 'Release'
OS: 'Windows 10  (10.0.19044) 64bit Professional' Language: 'pt' Physical Memory: 16289 MB
BatchMode: 1, IsHumanControllingUs: 0, StartBugReporterOnCrash: 0, Is64bit: 1, IsPro: 1

COMMAND LINE ARGUMENTS:
C:\Program Files\Unity\Hub\Editor\2021.3.11f1\Editor\Unity.exe
-adb2
-batchMode
-noUpm
-name
AssetImportWorker2
-projectPath
C:/Users/thraa/CG do thithi
-logFile
Logs/AssetImportWorker2.log
-srvPort
55302
Successfully changed project path to: C:/Users/thraa/CG do thithi
C:/Users/thraa/CG do thithi
[UnityMemory] Configuration Parameters - Can be set up in boot.config
    "memorysetup-bucket-allocator-granularity=16"
    "memorysetup-bucket-allocator-bucket-count=8"
    "memorysetup-bucket-allocator-block-size=33554432"
    "memorysetup-bucket-allocator-block-count=8"
    "memorysetup-main-allocator-block-size=16777216"
    "memorysetup-thread-allocator-block-size=16777216"
    "memorysetup-gfx-main-allocator-block-size=16777216"
    "memorysetup-gfx-thread-allocator-block-size=16777216"
    "memorysetup-cache-allocator-block-size=4194304"
    "memorysetup-typetree-allocator-block-size=2097152"
    "memorysetup-profiler-bucket-allocator-granularity=16"
    "memorysetup-profiler-bucket-allocator-bucket-count=8"
    "memorysetup-profiler-bucket-allocator-block-size=33554432"
    "memorysetup-profiler-bucket-allocator-block-count=8"
    "memorysetup-profiler-allocator-block-size=16777216"
    "memorysetup-profiler-editor-allocator-block-size=1048576"
    "memorysetup-temp-allocator-size-main=16777216"
    "memorysetup-job-temp-allocator-block-size=2097152"
    "memorysetup-job-temp-allocator-block-size-background=1048576"
    "memorysetup-job-temp-allocator-reduction-small-platforms=262144"
    "memorysetup-temp-allocator-size-background-worker=32768"
    "memorysetup-temp-allocator-size-job-worker=262144"
    "memorysetup-temp-allocator-size-preload-manager=33554432"
    "memorysetup-temp-allocator-size-nav-mesh-worker=65536"
    "memorysetup-temp-allocator-size-audio-worker=65536"
    "memorysetup-temp-allocator-size-cloud-worker=32768"
    "memorysetup-temp-allocator-size-gi-baking-worker=262144"
    "memorysetup-temp-allocator-size-gfx=262144"
Refreshing native plugins compatible for Editor in 178.35 ms, found 3 plugins.
Preloading 0 native plugins for Editor in 0.00 ms.
Initialize engine version: 2021.3.11f1 (0a5ca18544bf)
[Subsystems] Discovering subsystems at path C:/Program Files/Unity/Hub/Editor/2021.3.11f1/Editor/Data/Resources/UnitySubsystems
[Subsystems] Discovering subsystems at path C:/Users/thraa/CG do thithi/Assets
GfxDevice: creating device client; threaded=0; jobified=0
Direct3D:
    Version:  Direct3D 11.0 [level 11.1]
    Renderer: Radeon RX 570 Series (ID=0x67df)
    Vendor:   ATI
    VRAM:     4074 MB
    Driver:   31.0.12027.7000
Initialize mono
Mono path[0] = 'C:/Program Files/Unity/Hub/Editor/2021.3.11f1/Editor/Data/Managed'
Mono path[1] = 'C:/Program Files/Unity/Hub/Editor/2021.3.11f1/Editor/Data/MonoBleedingEdge/lib/mono/unityjit-win32'
Mono config path = 'C:/Program Files/Unity/Hub/Editor/2021.3.11f1/Editor/Data/MonoBleedingEdge/etc'
Using monoOptions --debugger-agent=transport=dt_socket,embedding=1,server=y,suspend=n,address=127.0.0.1:56008
Begin MonoManager ReloadAssembly
Registering precompiled unity dll's ...
Register platform support module: C:/Program Files/Unity/Hub/Editor/2021.3.11f1/Editor/Data/PlaybackEngines/WebGLSupport/UnityEditor.WebGL.Extensions.dll
Register platform support module: C:/Program Files/Unity/Hub/Editor/2021.3.11f1/Editor/Data/PlaybackEngines/WindowsStandaloneSupport/UnityEditor.WindowsStandalone.Extensions.dll
Registered in 0.014357 seconds.
Native extension for WindowsStandalone target not found
Native extension for WebGL target not found
Refreshing native plugins compatible for Editor in 116.47 ms, found 3 plugins.
Preloading 0 native plugins for Editor in 0.00 ms.
Mono: successfully reloaded assembly
- Completed reload, in  1.093 seconds
Domain Reload Profiling:
	ReloadAssembly (1094ms)
		BeginReloadAssembly (152ms)
			ExecutionOrderSort (0ms)
			DisableScriptedObjects (0ms)
			BackupInstance (0ms)
			ReleaseScriptingObjects (0ms)
			CreateAndSetChildDomain (1ms)
		EndReloadAssembly (734ms)
			LoadAssemblies (148ms)
			RebuildTransferFunctionScriptingTraits (0ms)
			SetupTypeCache (170ms)
			ReleaseScriptCaches (0ms)
			RebuildScriptCaches (56ms)
			SetupLoadedEditorAssemblies (416ms)
				LogAssemblyErrors (0ms)
				InitializePlatformSupportModulesInManaged (14ms)
				SetLoadedEditorAssemblies (0ms)
				RefreshPlugins (117ms)
				BeforeProcessingInitializeOnLoad (2ms)
				ProcessInitializeOnLoadAttributes (209ms)
				ProcessInitializeOnLoadMethodAttributes (74ms)
				AfterProcessingInitializeOnLoad (0ms)
				EditorAssembliesLoaded (0ms)
			ExecutionOrderSort2 (0ms)
			AwakeInstancesAfterBackupRestoration (0ms)
Platform modules already initialized, skipping
Registering precompiled user dll's ...
Registered in 0.021988 seconds.
Begin MonoManager ReloadAssembly
Symbol file LoadedFromMemory doesn't match image C:\Users\thraa\CG do thithi\Library\PackageCache\com.unity.visualscripting@1.7.8\Editor\VisualScripting.Core\Dependencies\YamlDotNet\Unity.VisualScripting.YamlDotNet.dll
Symbol file LoadedFromMemory doesn't match image C:\Users\thraa\CG do thithi\Library\PackageCache\com.unity.visualscripting@1.7.8\Editor\VisualScripting.Core\Dependencies\DotNetZip\Unity.VisualScripting.IonicZip.dll
Native extension for WindowsStandalone target not found
Native extension for WebGL target not found
Refreshing native plugins compatible for Editor in 0.97 ms, found 3 plugins.
Preloading 0 native plugins for Editor in 0.00 ms.
Mono: successfully reloaded assembly
- Completed reload, in  1.904 seconds
Domain Reload Profiling:
	ReloadAssembly (1905ms)
		BeginReloadAssembly (246ms)
			ExecutionOrderSort (0ms)
			DisableScriptedObjects (10ms)
			BackupInstance (0ms)
			ReleaseScriptingObjects (0ms)
			CreateAndSetChildDomain (43ms)
		EndReloadAssembly (1443ms)
			LoadAssemblies (188ms)
			RebuildTransferFunctionScriptingTraits (0ms)
			SetupTypeCache (473ms)
			ReleaseScriptCaches (1ms)
			RebuildScriptCaches (93ms)
			SetupLoadedEditorAssemblies (647ms)
				LogAssemblyErrors (0ms)
				InitializePlatformSupportModulesInManaged (13ms)
				SetLoadedEditorAssemblies (1ms)
				RefreshPlugins (1ms)
				BeforeProcessingInitializeOnLoad (167ms)
				ProcessInitializeOnLoadAttributes (401ms)
				ProcessInitializeOnLoadMethodAttributes (48ms)
				AfterProcessingInitializeOnLoad (17ms)
				EditorAssembliesLoaded (0ms)
			ExecutionOrderSort2 (0ms)
			AwakeInstancesAfterBackupRestoration (10ms)
Platform modules already initialized, skipping
========================================================================
Worker process is ready to serve import requests
Launched and connected shader compiler UnityShaderCompiler.exe after 0.07 seconds
Refreshing native plugins compatible for Editor in 1.32 ms, found 3 plugins.
Preloading 0 native plugins for Editor in 0.00 ms.
Unloading 3385 Unused Serialized files (Serialized files now loaded: 0)
Unloading 27 unused Assets / (113.9 KB). Loaded Objects now: 3843.
Memory consumption went from 116.9 MB to 116.8 MB.
Total: 4.231500 ms (FindLiveObjects: 0.373200 ms CreateObjectMapping: 0.212300 ms MarkObjects: 3.495000 ms  DeleteObjects: 0.149900 ms)

AssetImportParameters requested are different than current active one (requested -> active):
  custom:video-decoder-ogg-theora: a1e56fd34408186e4bbccfd4996cb3dc -> 
  custom:container-muxer-webm: aa71ff27fc2769a1b78a27578f13a17b -> 
  custom:container-demuxer-webm: 4f35f7cbe854078d1ac9338744f61a02 -> 
  custom:video-encoder-webm-vp8: eb34c28f22e8b96e1ab97ce403110664 -> 
  custom:audio-encoder-webm-vorbis: bf7c407c2cedff20999df2af8eb42d56 -> 
  custom:framework-win-MediaFoundation: 216162199b28c13a410421893ffa2e32 -> 
  custom:container-demuxer-ogg: 62fdf1f143b41e24485cea50d1cbac27 -> 
  custom:video-decoder-webm-vp8: 9c59270c3fd7afecdb556c50c9e8de78 -> 
  custom:audio-decoder-ogg-vorbis: bf7c407c2cedff20999df2af8eb42d56 -> 
========================================================================
Received Import Request.
  Time since last request: 2390325.862845 seconds.
  path: Assets/Laterns and candles/Prefabs/LampPost_double.prefab
  artifactKey: Guid(6d2bb9154d502fd46a5faf6e3b55f9f1) Importer(815301076,1909f56bfc062723c751e8b465ee728b)
Start importing Assets/Laterns and candles/Prefabs/LampPost_double.prefab using Guid(6d2bb9154d502fd46a5faf6e3b55f9f1) Importer(815301076,1909f56bfc062723c751e8b465ee728b)  -> (artifact id: 'cf3159b2d0a58bc42ff2e1bd992c8fd2') in 0.798478 seconds 
========================================================================
Received Import Request.
  Time since last request: 195.539153 seconds.
  path: Assets/Laterns and candles/Materials
  artifactKey: Guid(da5ea4106d53eae4a8e9534bfefdca70) Importer(815301076,1909f56bfc062723c751e8b465ee728b)
Start importing Assets/Laterns and candles/Materials using Guid(da5ea4106d53eae4a8e9534bfefdca70) Importer(815301076,1909f56bfc062723c751e8b465ee728b)  -> (artifact id: '2f12347848398abc25477f7654ba82f2') in 0.009792 seconds 
========================================================================
Received Import Request.
  Time since last request: 0.068665 seconds.
  path: Assets/Laterns and candles/Materials/Candle1.mat
  artifactKey: Guid(2ff38d00be4eef640bf6495fe8a5b54f) Importer(815301076,1909f56bfc062723c751e8b465ee728b)
Start importing Assets/Laterns and candles/Materials/Candle1.mat using Guid(2ff38d00be4eef640bf6495fe8a5b54f) Importer(815301076,1909f56bfc062723c751e8b465ee728b)  -> (artifact id: '13005b712d647c019b80dabc7c1d2492') in 0.104838 seconds 
========================================================================
Received Import Request.
  Time since last request: 0.000031 seconds.
  path: Assets/Laterns and candles/Materials/red_flame.mat
  artifactKey: Guid(169561acafe59bb4a98af6cbfc772d72) Importer(815301076,1909f56bfc062723c751e8b465ee728b)
Start importing Assets/Laterns and candles/Materials/red_flame.mat using Guid(169561acafe59bb4a98af6cbfc772d72) Importer(815301076,1909f56bfc062723c751e8b465ee728b)  -> (artifact id: '8a04b981d433a0273928470a416d6387') in 0.025152 seconds 
========================================================================
Received Import Request.
  Time since last request: 0.000040 seconds.
  path: Assets/Laterns and candles/Materials/LittleLamp.mat
  artifactKey: Guid(149cfb782cd2a5042a78354976abafc7) Importer(815301076,1909f56bfc062723c751e8b465ee728b)
Start importing Assets/Laterns and candles/Materials/LittleLamp.mat using Guid(149cfb782cd2a5042a78354976abafc7) Importer(815301076,1909f56bfc062723c751e8b465ee728b)  -> (artifact id: 'f806ffba7520c1c40ad7a7d6560f0d1b') in 0.025937 seconds 
========================================================================
Received Import Request.
  Time since last request: 0.000027 seconds.
  path: Assets/Laterns and candles/Materials/Candle3_greenEmission.mat
  artifactKey: Guid(1a7fe1134bbe65f48b85c1c566b4c88b) Importer(815301076,1909f56bfc062723c751e8b465ee728b)
Start importing Assets/Laterns and candles/Materials/Candle3_greenEmission.mat using Guid(1a7fe1134bbe65f48b85c1c566b4c88b) Importer(815301076,1909f56bfc062723c751e8b465ee728b)  -> (artifact id: 'd678175083593192dbd574ed36caca35') in 0.023741 seconds 
========================================================================
Received Import Request.
  Time since last request: 0.000029 seconds.
  path: Assets/Laterns and candles/Materials/Lamp2colormap.mat
  artifactKey: Guid(b5468ab085cc2a04b8f560aff873e193) Importer(815301076,1909f56bfc062723c751e8b465ee728b)
Start importing Assets/Laterns and candles/Materials/Lamp2colormap.mat using Guid(b5468ab085cc2a04b8f560aff873e193) Importer(815301076,1909f56bfc062723c751e8b465ee728b)  -> (artifact id: '0f87ccbddeae21e88f0fb1737e795b6b') in 0.028563 seconds 
========================================================================
Received Import Request.
  Time since last request: 0.000025 seconds.
  path: Assets/Laterns and candles/Materials/Latern_glass1.mat
  artifactKey: Guid(a9cef664c9823034db4a08c78926b38a) Importer(815301076,1909f56bfc062723c751e8b465ee728b)
Start importing Assets/Laterns and candles/Materials/Latern_glass1.mat using Guid(a9cef664c9823034db4a08c78926b38a) Importer(815301076,1909f56bfc062723c751e8b465ee728b)  -> (artifact id: '4fbb7ca790038ce31e588bf07d0f3b53') in 0.024976 seconds 
========================================================================
Received Import Request.
  Time since last request: 0.000025 seconds.
  path: Assets/Laterns and candles/Materials/Glass5.mat
  artifactKey: Guid(214a8b1bce6e52a409816e8baa19bd9c) Importer(815301076,1909f56bfc062723c751e8b465ee728b)
Start importing Assets/Laterns and candles/Materials/Glass5.mat using Guid(214a8b1bce6e52a409816e8baa19bd9c) Importer(815301076,1909f56bfc062723c751e8b465ee728b)  -> (artifact id: '412f7fe5f1356e0c3b817cd7dd267d93') in 0.022497 seconds 
========================================================================
Received Import Request.
  Time since last request: 0.000036 seconds.
  path: Assets/Laterns and candles/Materials/Candle2_blueEmission.mat
  artifactKey: Guid(3d575510381c2ec4e901a80b63d9698b) Importer(815301076,1909f56bfc062723c751e8b465ee728b)
Start importing Assets/Laterns and candles/Materials/Candle2_blueEmission.mat using Guid(3d575510381c2ec4e901a80b63d9698b) Importer(815301076,1909f56bfc062723c751e8b465ee728b)  -> (artifact id: 'f04e8fc92485dcd926da15a845440399') in 0.023980 seconds 
========================================================================
Received Import Request.
  Time since last request: 0.000031 seconds.
  path: Assets/Laterns and candles/Materials/green_flame.mat
  artifactKey: Guid(5d52096ef5969654399fc74a1e5e38f0) Importer(815301076,1909f56bfc062723c751e8b465ee728b)
Start importing Assets/Laterns and candles/Materials/green_flame.mat using Guid(5d52096ef5969654399fc74a1e5e38f0) Importer(815301076,1909f56bfc062723c751e8b465ee728b)  -> (artifact id: '3fc52fe338f4f23fb68ef8eb43203f29') in 0.402776 seconds 
========================================================================
Received Import Request.
  Time since last request: 0.000028 seconds.
  path: Assets/Laterns and candles/Materials/chandelier.mat
  artifactKey: Guid(ef9df8118d509b14380b0da9d330393d) Importer(815301076,1909f56bfc062723c751e8b465ee728b)
Start importing Assets/Laterns and candles/Materials/chandelier.mat using Guid(ef9df8118d509b14380b0da9d330393d) Importer(815301076,1909f56bfc062723c751e8b465ee728b)  -> (artifact id: 'a7ca91edbafa8cc472e7f0fe9ca2f9ce') in 0.025301 seconds 
Editor requested this worker to shutdown with reason: Scaling down because of idle timeout
AssetImportWorker is now disconnected from the server
Process exiting
Exiting without the bug reporter. Application will terminate with return code 0